Failed to log query with values: query: ls previous_query: None, ip: 127.0.0.1, platform: linux, browser: firefox,  version: 45.0, language: None, referrer: None, query_time: 1459169706.38
Traceback (most recent call last):
  File "/home/abhinav/dev/apropos_replacement/apropos_wsgi/apropos_db_logger.py", line 48, in _log_query
    language, referrer, query_time))
OperationalError: near "values": syntax error
Failed to log query with values: query: ls previous_query: None, ip: 127.0.0.1, platform: linux, browser: firefox,  version: 45.0, language: None, referrer: None, query_time: 1459169706.38
Traceback (most recent call last):
  File "/home/abhinav/dev/apropos_replacement/apropos_wsgi/apropos_db_logger.py", line 48, in _log_query
    language, referrer, query_time))
OperationalError: near "values": syntax error
Failed to log query with values: query: ls previous_query: None, ip: 127.0.0.1, platform: linux, browser: firefox,  version: 45.0, language: None, referrer: None, query_time: 1459169893.7
Traceback (most recent call last):
  File "/home/abhinav/dev/apropos_replacement/apropos_wsgi/apropos_db_logger.py", line 48, in _log_query
    language, referrer, query_time))
OperationalError: near "values": syntax error
Failed to log query with values: query: ls previous_query: None, ip: 127.0.0.1, platform: linux, browser: firefox,  version: 45.0, language: None, referrer: None, query_time: 1459169893.7
Traceback (most recent call last):
  File "/home/abhinav/dev/apropos_replacement/apropos_wsgi/apropos_db_logger.py", line 48, in _log_query
    language, referrer, query_time))
OperationalError: near "values": syntax error
Failed to log query with values: query: ls previous_query: None, ip: 127.0.0.1, platform: linux, browser: firefox,  version: 45.0, language: None, referrer: None, query_time: 1459171256.6
Traceback (most recent call last):
  File "/home/abhinav/dev/apropos_replacement/apropos_wsgi/apropos_db_logger.py", line 48, in _log_query
    language, referrer, query_time))
OperationalError: near "values": syntax error
Failed to log query with values: query: ls previous_query: None, ip: 127.0.0.1, platform: linux, browser: firefox,  version: 45.0, language: None, referrer: None, query_time: 1459171256.6
Traceback (most recent call last):
  File "/home/abhinav/dev/apropos_replacement/apropos_wsgi/apropos_db_logger.py", line 48, in _log_query
    language, referrer, query_time))
OperationalError: near "values": syntax error
Failed to log query with values: query: cp previous_query: ls, ip: 127.0.0.1, platform: linux, browser: firefox,  version: 45.0, language: None, referrer: http://127.0.0.1:5000/search?q=ls, query_time: 1459171285.58
Traceback (most recent call last):
  File "/home/abhinav/dev/apropos_replacement/apropos_wsgi/apropos_db_logger.py", line 48, in _log_query
    language, referrer, query_time))
OperationalError: near "values": syntax error
Failed to log query with values: query: cp previous_query: ls, ip: 127.0.0.1, platform: linux, browser: firefox,  version: 45.0, language: None, referrer: http://127.0.0.1:5000/search?q=ls, query_time: 1459171285.58
Traceback (most recent call last):
  File "/home/abhinav/dev/apropos_replacement/apropos_wsgi/apropos_db_logger.py", line 48, in _log_query
    language, referrer, query_time))
OperationalError: near "values": syntax error
Failed to log query with values: query: cp previous_query: cp, ip: 127.0.0.1, platform: linux, browser: firefox,  version: 45.0, language: None, referrer: http://127.0.0.1:5000/search?q=cp, query_time: 1459171288.51
Traceback (most recent call last):
  File "/home/abhinav/dev/apropos_replacement/apropos_wsgi/apropos_db_logger.py", line 48, in _log_query
    language, referrer, query_time))
OperationalError: near "values": syntax error
Failed to log query with values: query: cp previous_query: cp, ip: 127.0.0.1, platform: linux, browser: firefox,  version: 45.0, language: None, referrer: http://127.0.0.1:5000/search?q=cp, query_time: 1459171288.51
Traceback (most recent call last):
  File "/home/abhinav/dev/apropos_replacement/apropos_wsgi/apropos_db_logger.py", line 48, in _log_query
    language, referrer, query_time))
OperationalError: near "values": syntax error
Failed to log query with values: query: copy files previous_query: cp, ip: 127.0.0.1, platform: linux, browser: firefox,  version: 45.0, language: None, referrer: http://127.0.0.1:5000/search?q=cp, query_time: 1459171314.87
Traceback (most recent call last):
  File "/home/abhinav/dev/apropos_replacement/apropos_wsgi/apropos_db_logger.py", line 48, in _log_query
    language, referrer, query_time))
OperationalError: near "values": syntax error
Failed to log query with values: query: copy files previous_query: cp, ip: 127.0.0.1, platform: linux, browser: firefox,  version: 45.0, language: None, referrer: http://127.0.0.1:5000/search?q=cp, query_time: 1459171314.87
Traceback (most recent call last):
  File "/home/abhinav/dev/apropos_replacement/apropos_wsgi/apropos_db_logger.py", line 48, in _log_query
    language, referrer, query_time))
OperationalError: near "values": syntax error
path: /static/man_pages/netbsd/html5/terminfo.html
path: /static/man_pages/netbsd/html5/terminfo.html
path: /static/man_pages/netbsd/html5/terminfo.html
path: /static/man_pages/netbsd/html5/terminfo.html
path: /static/man_pages/netbsd/html5/terminfo.html
path: /static/man_pages/netbsd/html5/terminfo.html
path: /static/man_pages/netbsd/html5/terminfo.html
path: /static/man_pages/netbsd/html5/terminfo.html
path: man_pages/netbsd/html5/terminfo.html
path: man_pages/netbsd/html5/terminfo.html
path: man_pages/netbsd/html1/ls.html
path: man_pages/netbsd/html1/ls.html
path: man_pages/netbsd/html5/terminfo.html
path: man_pages/netbsd/html5/terminfo.html
path: man_pages/netbsd/html5/terminfo.html
path: man_pages/netbsd/html5/terminfo.html
path: man_pages/netbsd/html5/terminfo.html
path: man_pages/netbsd/html5/terminfo.html
path: /static/man_pages/netbsd/html5/terminfo.html
path: /static/man_pages/netbsd/html5/terminfo.html
path: /static/man_pages/netbsd/html5/terminfo.html
path: /static/man_pages/netbsd/html5/terminfo.html
path: /static/man_pages/netbsd/html5/terminfo.html
path: /static/man_pages/netbsd/html5/terminfo.html
path: /static/man_pages/netbsd/html5/terminfo.html
path: /static/man_pages/netbsd/html5/terminfo.html
path: man_pages/netbsd/html5/terminfo.html
path: man_pages/netbsd/html5/terminfo.html
path: man_pages/netbsd/htmlhtml1/infocmp.html.html
path: man_pages/netbsd/htmlhtml1/infocmp.html.html
path: man_pages/netbsd/htmlhtml1/infocmp.html.html
path: man_pages/netbsd/htmlhtml1/infocmp.html.html
path: man_pages/netbsd/html1/apropos.html
path: man_pages/netbsd/html1/apropos.html
path: man_pages/netbsd/html1/man.html
path: man_pages/netbsd/html1/man.html
